<?xml version="1.0" encoding="UTF-8"?>
<!-- Generated by org.testng.reporters.JUnitReportReporter -->
<testsuite skipped="0" hostname="DESKTOP-QT2S8L5" name="scipts.AddProducttoCart" tests="1" failures="0" timestamp="25 Mar 2021 14:52:04 GMT" time="37.159" errors="0">
  <testcase name="addtocart" time="37.159" classname="scipts.AddProducttoCart"/>
</testsuite> <!-- scipts.AddProducttoCart -->
